<?xml version="1.0" encoding="UTF-8"?>
<beans xmlns="http://www.springframework.org/schema/beans"
       xmlns:xsi="http://www.w3.org/2001/XMLSchema-instance"
       xmlns:osgi="http://www.eclipse.org/gemini/blueprint/schema/blueprint"
       xsi:schemaLocation="http://www.springframework.org/schema/beans http://www.springframework.org/schema/beans/spring-beans-3.1.xsd
        http://www.eclipse.org/gemini/blueprint/schema/blueprint http://www.eclipse.org/gemini/blueprint/schema/blueprint/gemini-blueprint.xsd
       ">

    <!--Osgi Services Start Here-->
    <osgi:reference interface="org.motechproject.whp.mtraining.service.ProviderService" id="providerService"/>

    <osgi:reference interface="org.motechproject.mtraining.service.CourseService" id="courseService"/>

    <osgi:reference interface="org.motechproject.mtraining.service.BookmarkService" id="bookmarkService"/>

    <osgi:reference id="emailService" interface="org.motechproject.whp.mtraining.service.EmailService"/>

    <!--Osgi Services end-->


    <!--Mail Configuration Starts here-->

    <bean id="environmentVariablesConfiguration" class="org.jasypt.encryption.pbe.config.EnvironmentStringPBEConfig">
        <property name="algorithm" value="PBEWithMD5AndDES"/>
        <property name="passwordEnvName" value="WHP_KEY"/>
    </bean>


    <bean id="configurationEncryptor" class="org.jasypt.encryption.pbe.StandardPBEStringEncryptor">
        <property name="config" ref="environmentVariablesConfiguration"/>
    </bean>

    <bean id="propertyConfigurer" class="org.jasypt.spring.properties.EncryptablePropertyPlaceholderConfigurer">
        <constructor-arg ref="configurationEncryptor"/>
        <property name="location" value="classpath:test-email.properties"/>
    </bean>

    <bean id="javaMailSender" class="org.springframework.mail.javamail.JavaMailSenderImpl" scope="bundle"
          autowire="byName">
        <property name="host" value="${host}"/>
        <property name="port" value="${port}"/>
        <property name="username" value="${username}"/>
        <property name="password" value="${password}"/>
        <property name="javaMailProperties">
            <props>
                <prop key="mail.smtp.auth">true</prop>
                <prop key="mail.smtp.starttls.enable">true</prop>
            </props>
        </property>
    </bean>

    <!--Mail Configuration End-->
</beans>
